<?xml version="1.0" encoding="UTF-8"?>
<!-- Generated by org.testng.reporters.JUnitXMLReporter -->
<testsuite hostname="LAPTOP-LLBTO2E5" ignored="1" name="Default test" tests="4" failures="0" timestamp="10 Nov 2021 04:06:49 GMT" time="4.078" errors="0">
  <testcase name="addContact" time="2.601" classname="Day1.PositiveTest"/>
  <testcase name="getSpecificContact" time="0.477" classname="Day1.PositiveTest"/>
  <testcase name="updateContact" time="0.487" classname="Day1.PositiveTest"/>
  <testcase name="deleteSecificContact" time="0.48" classname="Day1.PositiveTest"/>
  <testcase name="getAllContactList" time="0.0" classname="Day1.PositiveTest">
    <ignored/>
  </testcase> <!-- getAllContactList -->
</testsuite> <!-- Default test -->
