<?xml version="1.0" encoding="UTF-8"?>
<testng-results skipped="0" failed="0" ignored="1" total="5" passed="4">
  <reporter-output>
  </reporter-output>
  <suite name="Default suite" duration-ms="4078" started-at="2021-11-10T04:06:45Z" finished-at="2021-11-10T04:06:49Z">
    <groups>
    </groups>
    <test name="Default test" duration-ms="4078" started-at="2021-11-10T04:06:45Z" finished-at="2021-11-10T04:06:49Z">
      <class name="Day1.PositiveTest">
        <test-method status="PASS" signature="addContact()[pri:0, instance:Day1.PositiveTest@15b204a1]" name="addContact" duration-ms="2601" started-at="2021-11-10T04:06:45Z" description="Adding contacts" finished-at="2021-11-10T04:06:47Z">
          <reporter-output>
          </reporter-output>
        </test-method> <!-- addContact -->
        <test-method status="PASS" signature="getSpecificContact()[pri:0, instance:Day1.PositiveTest@15b204a1]" name="getSpecificContact" duration-ms="477" started-at="2021-11-10T04:06:47Z" description="getting specific contact" depends-on-methods="Day1.PositiveTest.addContact" finished-at="2021-11-10T04:06:48Z">
          <reporter-output>
          </reporter-output>
        </test-method> <!-- getSpecificContact -->
        <test-method status="PASS" signature="updateContact()[pri:0, instance:Day1.PositiveTest@15b204a1]" name="updateContact" duration-ms="487" started-at="2021-11-10T04:06:48Z" description="updating contact" depends-on-methods="Day1.PositiveTest.addContact" finished-at="2021-11-10T04:06:48Z">
          <reporter-output>
          </reporter-output>
        </test-method> <!-- updateContact -->
        <test-method status="PASS" signature="deleteSecificContact()[pri:0, instance:Day1.PositiveTest@15b204a1]" name="deleteSecificContact" duration-ms="480" started-at="2021-11-10T04:06:48Z" description="deleting contact" depends-on-methods="Day1.PositiveTest.updateContact" finished-at="2021-11-10T04:06:49Z">
          <reporter-output>
          </reporter-output>
        </test-method> <!-- deleteSecificContact -->
      </class> <!-- Day1.PositiveTest -->
    </test> <!-- Default test -->
  </suite> <!-- Default suite -->
</testng-results>
